41.100542 41.13769125 -8.7222031 -8.62579805
41.13769125 41.156265875 -8.7222031 -8.674000575
41.156265875 41.1748405 -8.7222031 -8.674000575
41.13769125 41.1469785625 -8.674000575 -8.66194994375
41.13769125 41.1469785625 -8.66194994375 -8.6498993125
41.1469785625 41.151622218750006 -8.674000575 -8.667975259375002
41.1469785625 41.151622218750006 -8.667975259375002 -8.66194994375
41.151622218750006 41.156265875 -8.674000575 -8.667975259375002
41.151622218750006 41.156265875 -8.667975259375002 -8.66194994375
41.1469785625 41.151622218750006 -8.66194994375 -8.655924628125
41.1469785625 41.151622218750006 -8.655924628125 -8.6498993125
41.151622218750006 41.156265875 -8.66194994375 -8.655924628125
41.151622218750006 41.156265875 -8.655924628125 -8.6498993125
41.13769125 41.14233490625 -8.6498993125 -8.63784868125
41.14233490625 41.1469785625 -8.6498993125 -8.63784868125
41.13769125 41.14233490625 -8.63784868125 -8.631823365625
41.13769125 41.14233490625 -8.631823365625 -8.62579805
41.14233490625 41.144656734375005 -8.63784868125 -8.631823365625
41.144656734375005 41.1469785625 -8.63784868125 -8.631823365625
41.14233490625 41.144656734375005 -8.631823365625 -8.6288107078125
41.14233490625 41.144656734375005 -8.6288107078125 -8.62579805
41.144656734375005 41.1469785625 -8.631823365625 -8.6288107078125
41.144656734375005 41.1469785625 -8.6288107078125 -8.62579805
41.1469785625 41.151622218750006 -8.6498993125 -8.63784868125
41.151622218750006 41.156265875 -8.6498993125 -8.63784868125
41.1469785625 41.151622218750006 -8.63784868125 -8.631823365625
41.1469785625 41.151622218750006 -8.631823365625 -8.62579805
41.151622218750006 41.156265875 -8.63784868125 -8.631823365625
41.151622218750006 41.156265875 -8.631823365625 -8.62579805
41.156265875 41.1655531875 -8.674000575 -8.66194994375
41.156265875 41.1655531875 -8.66194994375 -8.6498993125
41.1655531875 41.170196843750006 -8.674000575 -8.667975259375002
41.1655531875 41.170196843750006 -8.667975259375002 -8.66194994375
41.170196843750006 41.172518671875004 -8.674000575 -8.667975259375002
41.172518671875004 41.1748405 -8.674000575 -8.667975259375002
41.170196843750006 41.172518671875004 -8.667975259375002 -8.6649626015625
41.170196843750006 41.172518671875004 -8.6649626015625 -8.66194994375
41.172518671875004 41.173679585937506 -8.667975259375002 -8.6649626015625
41.173679585937506 41.1748405 -8.667975259375002 -8.6649626015625
41.172518671875004 41.173679585937506 -8.6649626015625 -8.66194994375
41.173679585937506 41.1748405 -8.6649626015625 -8.66194994375
41.1655531875 41.170196843750006 -8.66194994375 -8.655924628125
41.1655531875 41.170196843750006 -8.655924628125 -8.6498993125
41.170196843750006 41.172518671875004 -8.66194994375 -8.655924628125
41.172518671875004 41.1748405 -8.66194994375 -8.655924628125
41.170196843750006 41.172518671875004 -8.655924628125 -8.6498993125
41.172518671875004 41.1748405 -8.655924628125 -8.6498993125
41.156265875 41.1655531875 -8.6498993125 -8.63784868125
41.156265875 41.1655531875 -8.63784868125 -8.62579805
41.1655531875 41.170196843750006 -8.6498993125 -8.63784868125
41.170196843750006 41.1748405 -8.6498993125 -8.63784868125
41.1655531875 41.170196843750006 -8.63784868125 -8.631823365625
41.1655531875 41.170196843750006 -8.631823365625 -8.62579805
41.170196843750006 41.172518671875004 -8.63784868125 -8.631823365625
41.172518671875004 41.1748405 -8.63784868125 -8.631823365625
41.170196843750006 41.172518671875004 -8.631823365625 -8.6288107078125
41.170196843750006 41.172518671875004 -8.6288107078125 -8.62579805
41.172518671875004 41.173679585937506 -8.631823365625 -8.6288107078125
41.173679585937506 41.1748405 -8.631823365625 -8.6288107078125
41.172518671875004 41.173679585937506 -8.6288107078125 -8.62730437890625
41.172518671875004 41.173679585937506 -8.62730437890625 -8.62579805
41.173679585937506 41.174260042968754 -8.6288107078125 -8.62730437890625
41.174260042968754 41.1748405 -8.6288107078125 -8.62730437890625
41.173679585937506 41.174260042968754 -8.62730437890625 -8.626551214453125
41.173679585937506 41.174260042968754 -8.626551214453125 -8.62579805
41.174260042968754 41.17455027148438 -8.62730437890625 -8.626551214453125
41.17455027148438 41.1748405 -8.62730437890625 -8.626551214453125
41.174260042968754 41.17455027148438 -8.626551214453125 -8.626174632226562
41.174260042968754 41.17455027148438 -8.626174632226562 -8.62579805
41.17455027148438 41.17469538574219 -8.626551214453125 -8.626174632226562
41.17469538574219 41.1748405 -8.626551214453125 -8.626174632226562
41.17455027148438 41.17469538574219 -8.626174632226562 -8.62598634111328
41.17455027148438 41.17469538574219 -8.62598634111328 -8.62579805
41.17469538574219 41.1747679428711 -8.626174632226562 -8.62598634111328
41.1747679428711 41.1748405 -8.626174632226562 -8.62598634111328
41.17469538574219 41.1747679428711 -8.62598634111328 -8.625892195556641
41.17469538574219 41.1747679428711 -8.625892195556641 -8.62579805
41.1747679428711 41.17480422143555 -8.62598634111328 -8.625892195556641
41.17480422143555 41.1748405 -8.62598634111328 -8.625892195556641
41.1747679428711 41.17480422143555 -8.625892195556641 -8.62584512277832
41.1747679428711 41.17480422143555 -8.62584512277832 -8.62579805
41.17480422143555 41.174822360717776 -8.625892195556641 -8.62584512277832
41.174822360717776 41.1748405 -8.625892195556641 -8.62584512277832
41.17480422143555 41.174822360717776 -8.62584512277832 -8.625821586389161
41.17480422143555 41.174822360717776 -8.625821586389161 -8.62579805
41.174822360717776 41.17483143035889 -8.62584512277832 -8.625821586389161
41.17483143035889 41.1748405 -8.62584512277832 -8.625821586389161
41.174822360717776 41.17483143035889 -8.625821586389161 -8.62580981819458
41.174822360717776 41.17483143035889 -8.62580981819458 -8.62579805
41.17483143035889 41.17483596517945 -8.625821586389161 -8.62580981819458
41.17483596517945 41.1748405 -8.625821586389161 -8.62580981819458
41.17483143035889 41.17483596517945 -8.62580981819458 -8.625803934097291
41.17483143035889 41.17483596517945 -8.625803934097291 -8.62579805
41.17483596517945 41.17483823258972 -8.62580981819458 -8.625803934097291
41.17483823258972 41.1748405 -8.62580981819458 -8.625803934097291
41.17483596517945 41.17483823258972 -8.625803934097291 -8.625800992048646
41.17483596517945 41.17483823258972 -8.625800992048646 -8.62579805
41.17483823258972 41.17483936629486 -8.625803934097291 -8.625800992048646
41.17483936629486 41.1748405 -8.625803934097291 -8.625800992048646
41.17483823258972 41.17483936629486 -8.625800992048646 -8.625799521024323
41.17483823258972 41.17483936629486 -8.625799521024323 -8.62579805
41.17483936629486 41.17483993314743 -8.625800992048646 -8.625799521024323
41.17483993314743 41.1748405 -8.625800992048646 -8.625799521024323
41.17483936629486 41.17483993314743 -8.625799521024323 -8.625798785512162
41.17483936629486 41.17483993314743 -8.625798785512162 -8.62579805
41.17483993314743 41.17484021657371 -8.625799521024323 -8.625798785512162
41.17484021657371 41.1748405 -8.625799521024323 -8.625798785512162
41.17483993314743 41.17484021657371 -8.625798785512162 -8.62579841775608
41.17483993314743 41.17484021657371 -8.62579841775608 -8.62579805
41.17484021657371 41.17484035828686 -8.625798785512162 -8.62579841775608
41.17484035828686 41.1748405 -8.625798785512162 -8.62579841775608
41.17484021657371 41.17484035828686 -8.62579841775608 -8.62579823387804
41.17484021657371 41.17484035828686 -8.62579823387804 -8.62579805
41.17484035828686 41.17484042914343 -8.62579841775608 -8.62579823387804
41.17484042914343 41.1748405 -8.62579841775608 -8.62579823387804
41.17484035828686 41.17484042914343 -8.62579823387804 -8.62579814193902
41.17484035828686 41.17484042914343 -8.62579814193902 -8.62579805
41.17484042914343 41.174840464571716 -8.62579823387804 -8.62579814193902
41.174840464571716 41.1748405 -8.62579823387804 -8.62579814193902
41.17484042914343 41.174840464571716 -8.62579814193902 -8.625798095969511
41.17484042914343 41.174840464571716 -8.625798095969511 -8.62579805
41.174840464571716 41.17484048228586 -8.62579814193902 -8.625798095969511
41.17484048228586 41.1748405 -8.62579814193902 -8.625798095969511
41.174840464571716 41.17484048228586 -8.625798095969511 -8.625798072984756
41.174840464571716 41.17484048228586 -8.625798072984756 -8.62579805
41.17484048228586 41.17484049114293 -8.625798095969511 -8.625798072984756
41.17484049114293 41.1748405 -8.625798095969511 -8.625798072984756
41.17484048228586 41.17484049114293 -8.625798072984756 -8.625798061492379
41.17484048228586 41.17484049114293 -8.625798061492379 -8.62579805
41.17484049114293 41.174840495571466 -8.625798072984756 -8.625798061492379
41.174840495571466 41.1748405 -8.625798072984756 -8.625798061492379
41.17484049114293 41.174840495571466 -8.625798061492379 -8.62579805574619
41.17484049114293 41.174840495571466 -8.62579805574619 -8.62579805
41.174840495571466 41.17484049778574 -8.625798061492379 -8.62579805574619
41.17484049778574 41.1748405 -8.625798061492379 -8.62579805574619
41.174840495571466 41.17484049778574 -8.62579805574619 -8.625798052873094
41.174840495571466 41.17484049778574 -8.625798052873094 -8.62579805
41.17484049778574 41.17484049889287 -8.62579805574619 -8.625798052873094
41.17484049889287 41.1748405 -8.62579805574619 -8.625798052873094
41.17484049778574 41.17484049889287 -8.625798052873094 -8.625798051436547
41.17484049778574 41.17484049889287 -8.625798051436547 -8.62579805
41.17484049889287 41.17484049944643 -8.625798052873094 -8.625798051436547
41.17484049944643 41.1748405 -8.625798052873094 -8.625798051436547
41.17484049889287 41.17484049944643 -8.625798051436547 -8.625798050718274
41.17484049889287 41.17484049944643 -8.625798050718274 -8.62579805
41.17484049944643 41.17484049972322 -8.625798051436547 -8.625798050718274
41.17484049972322 41.1748405 -8.625798051436547 -8.625798050718274
41.17484049944643 41.17484049972322 -8.625798050718274 -8.625798050359137
41.17484049944643 41.17484049972322 -8.625798050359137 -8.62579805
41.17484049972322 41.17484049986161 -8.625798050718274 -8.625798050359137
41.17484049986161 41.1748405 -8.625798050718274 -8.625798050359137
41.17484049972322 41.17484049986161 -8.625798050359137 -8.625798050179569
41.17484049972322 41.17484049986161 -8.625798050179569 -8.62579805
41.17484049986161 41.17484049993081 -8.625798050359137 -8.625798050179569
41.17484049993081 41.1748405 -8.625798050359137 -8.625798050179569
41.17484049986161 41.17484049993081 -8.625798050179569 -8.625798050089784
41.17484049986161 41.17484049993081 -8.625798050089784 -8.62579805
41.17484049993081 41.174840499965406 -8.625798050179569 -8.625798050089784
41.174840499965406 41.1748405 -8.625798050179569 -8.625798050089784
41.17484049993081 41.174840499965406 -8.625798050089784 -8.625798050044892
41.17484049993081 41.174840499965406 -8.625798050044892 -8.62579805
41.174840499965406 41.17484049998271 -8.625798050089784 -8.625798050044892
41.17484049998271 41.1748405 -8.625798050089784 -8.625798050044892
41.174840499965406 41.17484049998271 -8.625798050044892 -8.625798050022446
41.174840499965406 41.17484049998271 -8.625798050022446 -8.62579805
41.17484049998271 41.174840499991355 -8.625798050044892 -8.625798050022446
41.174840499991355 41.1748405 -8.625798050044892 -8.625798050022446
41.17484049998271 41.174840499991355 -8.625798050022446 -8.625798050011223
41.17484049998271 41.174840499991355 -8.625798050011223 -8.62579805
41.174840499991355 41.17484049999568 -8.625798050022446 -8.625798050011223
41.17484049999568 41.1748405 -8.625798050022446 -8.625798050011223
41.174840499991355 41.17484049999568 -8.625798050011223 -8.625798050005612
41.174840499991355 41.17484049999568 -8.625798050005612 -8.62579805
41.17484049999568 41.17484049999784 -8.625798050011223 -8.625798050005612
41.17484049999784 41.1748405 -8.625798050011223 -8.625798050005612
41.17484049999568 41.17484049999784 -8.625798050005612 -8.625798050002807
41.17484049999568 41.17484049999784 -8.625798050002807 -8.62579805
41.17484049999784 41.17484049999892 -8.625798050005612 -8.625798050002807
41.17484049999892 41.1748405 -8.625798050005612 -8.625798050002807
41.17484049999784 41.17484049999892 -8.625798050002807 -8.625798050001404
41.17484049999784 41.17484049999892 -8.625798050001404 -8.62579805
41.17484049999892 41.17484049999946 -8.625798050002807 -8.625798050001404
41.17484049999946 41.1748405 -8.625798050002807 -8.625798050001404
41.17484049999892 41.17484049999946 -8.625798050001404 -8.625798050000702
41.17484049999892 41.17484049999946 -8.625798050000702 -8.62579805
41.17484049999946 41.17484049999973 -8.625798050001404 -8.625798050000702
41.17484049999973 41.1748405 -8.625798050001404 -8.625798050000702
41.17484049999946 41.17484049999973 -8.625798050000702 -8.625798050000352
41.17484049999946 41.17484049999973 -8.625798050000352 -8.62579805
41.17484049999973 41.17484049999987 -8.625798050000702 -8.625798050000352
41.17484049999987 41.1748405 -8.625798050000702 -8.625798050000352
41.17484049999973 41.17484049999987 -8.625798050000352 -8.625798050000176
41.17484049999973 41.17484049999987 -8.625798050000176 -8.62579805
41.17484049999987 41.17484049999993 -8.625798050000352 -8.625798050000176
41.17484049999993 41.1748405 -8.625798050000352 -8.625798050000176
41.17484049999987 41.17484049999993 -8.625798050000176 -8.625798050000089
41.17484049999987 41.17484049999993 -8.625798050000089 -8.62579805
41.17484049999993 41.174840499999966 -8.625798050000176 -8.625798050000089
41.174840499999966 41.1748405 -8.625798050000176 -8.625798050000089
41.17484049999993 41.174840499999966 -8.625798050000089 -8.625798050000045
41.17484049999993 41.174840499999966 -8.625798050000045 -8.62579805
41.174840499999966 41.17484049999999 -8.625798050000089 -8.625798050000045
41.17484049999999 41.1748405 -8.625798050000089 -8.625798050000045
41.174840499999966 41.17484049999999 -8.625798050000045 -8.625798050000022
41.174840499999966 41.17484049999999 -8.625798050000022 -8.62579805
41.17484049999999 41.174840499999995 -8.625798050000045 -8.625798050000022
41.174840499999995 41.1748405 -8.625798050000045 -8.625798050000022
41.17484049999999 41.174840499999995 -8.625798050000022 -8.62579805000001
41.17484049999999 41.174840499999995 -8.62579805000001 -8.62579805
41.174840499999995 41.1748405 -8.625798050000022 -8.62579805000001
41.174840499999995 41.1748405 -8.62579805000001 -8.62579805
41.100542 41.1098293125 -8.62579805 -8.6016967875
41.1098293125 41.119116625000004 -8.62579805 -8.61374741875
41.1098293125 41.11447296875 -8.61374741875 -8.6016967875
41.11447296875 41.119116625000004 -8.61374741875 -8.607722103124999
41.11447296875 41.119116625000004 -8.607722103124999 -8.6016967875
41.100542 41.1098293125 -8.6016967875 -8.577595525
41.1098293125 41.119116625000004 -8.6016967875 -8.577595525
41.119116625000004 41.1284039375 -8.62579805 -8.61374741875
41.119116625000004 41.1284039375 -8.61374741875 -8.6016967875
41.1284039375 41.13304759375001 -8.62579805 -8.619772734375001
41.1284039375 41.13304759375001 -8.619772734375001 -8.61374741875
41.13304759375001 41.135369421875005 -8.62579805 -8.619772734375001
41.135369421875005 41.13769125 -8.62579805 -8.619772734375001
41.13304759375001 41.135369421875005 -8.619772734375001 -8.6167600765625
41.13304759375001 41.135369421875005 -8.6167600765625 -8.61374741875
41.135369421875005 41.13653033593751 -8.619772734375001 -8.6167600765625
41.13653033593751 41.13769125 -8.619772734375001 -8.6167600765625
41.135369421875005 41.13653033593751 -8.6167600765625 -8.61374741875
41.13653033593751 41.13769125 -8.6167600765625 -8.61374741875
41.1284039375 41.13304759375001 -8.61374741875 -8.607722103124999
41.1284039375 41.13304759375001 -8.607722103124999 -8.6016967875
41.13304759375001 41.135369421875005 -8.61374741875 -8.607722103124999
41.135369421875005 41.13769125 -8.61374741875 -8.607722103124999
41.13304759375001 41.135369421875005 -8.607722103124999 -8.6016967875
41.135369421875005 41.13769125 -8.607722103124999 -8.6016967875
41.119116625000004 41.1284039375 -8.6016967875 -8.577595525
41.1284039375 41.13304759375001 -8.6016967875 -8.58964615625
41.13304759375001 41.13769125 -8.6016967875 -8.58964615625
41.1284039375 41.13304759375001 -8.58964615625 -8.577595525
41.13304759375001 41.13769125 -8.58964615625 -8.583620840624999
41.13304759375001 41.13769125 -8.583620840624999 -8.577595525
41.100542 41.13769125 -8.577595525 -8.529393
41.13769125 41.14233490625 -8.62579805 -8.619772734375001
41.13769125 41.14233490625 -8.619772734375001 -8.61374741875
41.14233490625 41.144656734375005 -8.62579805 -8.619772734375001
41.144656734375005 41.1469785625 -8.62579805 -8.619772734375001
41.14233490625 41.144656734375005 -8.619772734375001 -8.6167600765625
41.14233490625 41.144656734375005 -8.6167600765625 -8.61374741875
41.144656734375005 41.1469785625 -8.619772734375001 -8.6167600765625
41.144656734375005 41.1469785625 -8.6167600765625 -8.61374741875
41.13769125 41.14233490625 -8.61374741875 -8.607722103124999
41.13769125 41.14233490625 -8.607722103124999 -8.6016967875
41.14233490625 41.144656734375005 -8.61374741875 -8.607722103124999
41.144656734375005 41.1469785625 -8.61374741875 -8.607722103124999
41.14233490625 41.144656734375005 -8.607722103124999 -8.6016967875
41.144656734375005 41.1469785625 -8.607722103124999 -8.6016967875
41.1469785625 41.151622218750006 -8.62579805 -8.619772734375001
41.1469785625 41.151622218750006 -8.619772734375001 -8.61374741875
41.151622218750006 41.156265875 -8.62579805 -8.619772734375001
41.151622218750006 41.156265875 -8.619772734375001 -8.61374741875
41.1469785625 41.151622218750006 -8.61374741875 -8.607722103124999
41.1469785625 41.151622218750006 -8.607722103124999 -8.6016967875
41.151622218750006 41.156265875 -8.61374741875 -8.607722103124999
41.151622218750006 41.156265875 -8.607722103124999 -8.6016967875
41.13769125 41.14233490625 -8.6016967875 -8.58964615625
41.14233490625 41.1469785625 -8.6016967875 -8.58964615625
41.13769125 41.14233490625 -8.58964615625 -8.583620840624999
41.13769125 41.14233490625 -8.583620840624999 -8.577595525
41.14233490625 41.144656734375005 -8.58964615625 -8.583620840624999
41.144656734375005 41.1469785625 -8.58964615625 -8.583620840624999
41.14233490625 41.144656734375005 -8.583620840624999 -8.5806081828125
41.14233490625 41.144656734375005 -8.5806081828125 -8.577595525
41.144656734375005 41.1469785625 -8.583620840624999 -8.5806081828125
41.144656734375005 41.1469785625 -8.5806081828125 -8.577595525
41.1469785625 41.151622218750006 -8.6016967875 -8.58964615625
41.151622218750006 41.156265875 -8.6016967875 -8.58964615625
41.1469785625 41.151622218750006 -8.58964615625 -8.583620840624999
41.1469785625 41.151622218750006 -8.583620840624999 -8.577595525
41.151622218750006 41.156265875 -8.58964615625 -8.583620840624999
41.151622218750006 41.156265875 -8.583620840624999 -8.577595525
41.156265875 41.1655531875 -8.62579805 -8.61374741875
41.156265875 41.1655531875 -8.61374741875 -8.6016967875
41.1655531875 41.170196843750006 -8.62579805 -8.619772734375001
41.1655531875 41.170196843750006 -8.619772734375001 -8.61374741875
41.170196843750006 41.172518671875004 -8.62579805 -8.619772734375001
41.172518671875004 41.1748405 -8.62579805 -8.619772734375001
41.170196843750006 41.172518671875004 -8.619772734375001 -8.6167600765625
41.170196843750006 41.172518671875004 -8.6167600765625 -8.61374741875
41.172518671875004 41.173679585937506 -8.619772734375001 -8.6167600765625
41.173679585937506 41.1748405 -8.619772734375001 -8.6167600765625
41.172518671875004 41.173679585937506 -8.6167600765625 -8.61374741875
41.173679585937506 41.1748405 -8.6167600765625 -8.61374741875
41.1655531875 41.170196843750006 -8.61374741875 -8.607722103124999
41.1655531875 41.170196843750006 -8.607722103124999 -8.6016967875
41.170196843750006 41.172518671875004 -8.61374741875 -8.607722103124999
41.172518671875004 41.1748405 -8.61374741875 -8.607722103124999
41.170196843750006 41.172518671875004 -8.607722103124999 -8.6016967875
41.172518671875004 41.1748405 -8.607722103124999 -8.6016967875
41.156265875 41.1655531875 -8.6016967875 -8.58964615625
41.156265875 41.1655531875 -8.58964615625 -8.577595525
41.1655531875 41.170196843750006 -8.6016967875 -8.58964615625
41.170196843750006 41.1748405 -8.6016967875 -8.58964615625
41.1655531875 41.170196843750006 -8.58964615625 -8.583620840624999
41.1655531875 41.170196843750006 -8.583620840624999 -8.577595525
41.170196843750006 41.172518671875004 -8.58964615625 -8.583620840624999
41.172518671875004 41.1748405 -8.58964615625 -8.583620840624999
41.170196843750006 41.172518671875004 -8.583620840624999 -8.5806081828125
41.170196843750006 41.172518671875004 -8.5806081828125 -8.577595525
41.172518671875004 41.173679585937506 -8.583620840624999 -8.5806081828125
41.173679585937506 41.1748405 -8.583620840624999 -8.5806081828125
41.172518671875004 41.173679585937506 -8.5806081828125 -8.579101853906248
41.172518671875004 41.173679585937506 -8.579101853906248 -8.577595525
41.173679585937506 41.174260042968754 -8.5806081828125 -8.579101853906248
41.174260042968754 41.1748405 -8.5806081828125 -8.579101853906248
41.173679585937506 41.174260042968754 -8.579101853906248 -8.578348689453124
41.173679585937506 41.174260042968754 -8.578348689453124 -8.577595525
41.174260042968754 41.17455027148438 -8.579101853906248 -8.578348689453124
41.17455027148438 41.1748405 -8.579101853906248 -8.578348689453124
41.174260042968754 41.17455027148438 -8.578348689453124 -8.577972107226561
41.174260042968754 41.17455027148438 -8.577972107226561 -8.577595525
41.17455027148438 41.17469538574219 -8.578348689453124 -8.577972107226561
41.17469538574219 41.1748405 -8.578348689453124 -8.577972107226561
41.17455027148438 41.17469538574219 -8.577972107226561 -8.57778381611328
41.17455027148438 41.17469538574219 -8.57778381611328 -8.577595525
41.17469538574219 41.1747679428711 -8.577972107226561 -8.57778381611328
41.1747679428711 41.1748405 -8.577972107226561 -8.57778381611328
41.17469538574219 41.1747679428711 -8.57778381611328 -8.57768967055664
41.17469538574219 41.1747679428711 -8.57768967055664 -8.577595525
41.1747679428711 41.17480422143555 -8.57778381611328 -8.57768967055664
41.17480422143555 41.1748405 -8.57778381611328 -8.57768967055664
41.1747679428711 41.17480422143555 -8.57768967055664 -8.57764259777832
41.1747679428711 41.17480422143555 -8.57764259777832 -8.577595525
41.17480422143555 41.174822360717776 -8.57768967055664 -8.57764259777832
41.174822360717776 41.1748405 -8.57768967055664 -8.57764259777832
41.17480422143555 41.174822360717776 -8.57764259777832 -8.57761906138916
41.17480422143555 41.174822360717776 -8.57761906138916 -8.577595525
41.174822360717776 41.17483143035889 -8.57764259777832 -8.57761906138916
41.17483143035889 41.1748405 -8.57764259777832 -8.57761906138916
41.174822360717776 41.17483143035889 -8.57761906138916 -8.57760729319458
41.174822360717776 41.17483143035889 -8.57760729319458 -8.577595525
41.17483143035889 41.17483596517945 -8.57761906138916 -8.57760729319458
41.17483596517945 41.1748405 -8.57761906138916 -8.57760729319458
41.17483143035889 41.17483596517945 -8.57760729319458 -8.57760140909729
41.17483143035889 41.17483596517945 -8.57760140909729 -8.577595525
41.17483596517945 41.17483823258972 -8.57760729319458 -8.57760140909729
41.17483823258972 41.1748405 -8.57760729319458 -8.57760140909729
41.17483596517945 41.17483823258972 -8.57760140909729 -8.577598467048645
41.17483596517945 41.17483823258972 -8.577598467048645 -8.577595525
41.17483823258972 41.17483936629486 -8.57760140909729 -8.577598467048645
41.17483936629486 41.1748405 -8.57760140909729 -8.577598467048645
41.17483823258972 41.17483936629486 -8.577598467048645 -8.577596996024322
41.17483823258972 41.17483936629486 -8.577596996024322 -8.577595525
41.17483936629486 41.17483993314743 -8.577598467048645 -8.577596996024322
41.17483993314743 41.1748405 -8.577598467048645 -8.577596996024322
41.17483936629486 41.17483993314743 -8.577596996024322 -8.577596260512161
41.17483936629486 41.17483993314743 -8.577596260512161 -8.577595525
41.17483993314743 41.17484021657371 -8.577596996024322 -8.577596260512161
41.17484021657371 41.1748405 -8.577596996024322 -8.577596260512161
41.17483993314743 41.17484021657371 -8.577596260512161 -8.57759589275608
41.17483993314743 41.17484021657371 -8.57759589275608 -8.577595525
41.17484021657371 41.17484035828686 -8.577596260512161 -8.57759589275608
41.17484035828686 41.1748405 -8.577596260512161 -8.57759589275608
41.17484021657371 41.17484035828686 -8.57759589275608 -8.57759570887804
41.17484021657371 41.17484035828686 -8.57759570887804 -8.577595525
41.17484035828686 41.17484042914343 -8.57759589275608 -8.57759570887804
41.17484042914343 41.1748405 -8.57759589275608 -8.57759570887804
41.17484035828686 41.17484042914343 -8.57759570887804 -8.57759561693902
41.17484035828686 41.17484042914343 -8.57759561693902 -8.577595525
41.17484042914343 41.174840464571716 -8.57759570887804 -8.57759561693902
41.174840464571716 41.1748405 -8.57759570887804 -8.57759561693902
41.17484042914343 41.174840464571716 -8.57759561693902 -8.57759557096951
41.17484042914343 41.174840464571716 -8.57759557096951 -8.577595525
41.174840464571716 41.17484048228586 -8.57759561693902 -8.57759557096951
41.17484048228586 41.1748405 -8.57759561693902 -8.57759557096951
41.174840464571716 41.17484048228586 -8.57759557096951 -8.577595547984755
41.174840464571716 41.17484048228586 -8.577595547984755 -8.577595525
41.17484048228586 41.17484049114293 -8.57759557096951 -8.577595547984755
41.17484049114293 41.1748405 -8.57759557096951 -8.577595547984755
41.17484048228586 41.17484049114293 -8.577595547984755 -8.577595536492378
41.17484048228586 41.17484049114293 -8.577595536492378 -8.577595525
41.17484049114293 41.174840495571466 -8.577595547984755 -8.577595536492378
41.174840495571466 41.1748405 -8.577595547984755 -8.577595536492378
41.17484049114293 41.174840495571466 -8.577595536492378 -8.577595530746189
41.17484049114293 41.174840495571466 -8.577595530746189 -8.577595525
41.174840495571466 41.17484049778574 -8.577595536492378 -8.577595530746189
41.17484049778574 41.1748405 -8.577595536492378 -8.577595530746189
41.174840495571466 41.17484049778574 -8.577595530746189 -8.577595527873093
41.174840495571466 41.17484049778574 -8.577595527873093 -8.577595525
41.17484049778574 41.17484049889287 -8.577595530746189 -8.577595527873093
41.17484049889287 41.1748405 -8.577595530746189 -8.577595527873093
41.17484049778574 41.17484049889287 -8.577595527873093 -8.577595526436546
41.17484049778574 41.17484049889287 -8.577595526436546 -8.577595525
41.17484049889287 41.17484049944643 -8.577595527873093 -8.577595526436546
41.17484049944643 41.1748405 -8.577595527873093 -8.577595526436546
41.17484049889287 41.17484049944643 -8.577595526436546 -8.577595525718273
41.17484049889287 41.17484049944643 -8.577595525718273 -8.577595525
41.17484049944643 41.17484049972322 -8.577595526436546 -8.577595525718273
41.17484049972322 41.1748405 -8.577595526436546 -8.577595525718273
41.17484049944643 41.17484049972322 -8.577595525718273 -8.577595525359136
41.17484049944643 41.17484049972322 -8.577595525359136 -8.577595525
41.17484049972322 41.17484049986161 -8.577595525718273 -8.577595525359136
41.17484049986161 41.1748405 -8.577595525718273 -8.577595525359136
41.17484049972322 41.17484049986161 -8.577595525359136 -8.577595525179568
41.17484049972322 41.17484049986161 -8.577595525179568 -8.577595525
41.17484049986161 41.17484049993081 -8.577595525359136 -8.577595525179568
41.17484049993081 41.1748405 -8.577595525359136 -8.577595525179568
41.17484049986161 41.17484049993081 -8.577595525179568 -8.577595525089784
41.17484049986161 41.17484049993081 -8.577595525089784 -8.577595525
41.17484049993081 41.174840499965406 -8.577595525179568 -8.577595525089784
41.174840499965406 41.1748405 -8.577595525179568 -8.577595525089784
41.17484049993081 41.174840499965406 -8.577595525089784 -8.577595525044892
41.17484049993081 41.174840499965406 -8.577595525044892 -8.577595525
41.174840499965406 41.17484049998271 -8.577595525089784 -8.577595525044892
41.17484049998271 41.1748405 -8.577595525089784 -8.577595525044892
41.174840499965406 41.17484049998271 -8.577595525044892 -8.577595525022446
41.174840499965406 41.17484049998271 -8.577595525022446 -8.577595525
41.17484049998271 41.174840499991355 -8.577595525044892 -8.577595525022446
41.174840499991355 41.1748405 -8.577595525044892 -8.577595525022446
41.17484049998271 41.174840499991355 -8.577595525022446 -8.577595525011223
41.17484049998271 41.174840499991355 -8.577595525011223 -8.577595525
41.174840499991355 41.17484049999568 -8.577595525022446 -8.577595525011223
41.17484049999568 41.1748405 -8.577595525022446 -8.577595525011223
41.174840499991355 41.17484049999568 -8.577595525011223 -8.577595525005611
41.174840499991355 41.17484049999568 -8.577595525005611 -8.577595525
41.17484049999568 41.17484049999784 -8.577595525011223 -8.577595525005611
41.17484049999784 41.1748405 -8.577595525011223 -8.577595525005611
41.17484049999568 41.17484049999784 -8.577595525005611 -8.577595525002806
41.17484049999568 41.17484049999784 -8.577595525002806 -8.577595525
41.17484049999784 41.17484049999892 -8.577595525005611 -8.577595525002806
41.17484049999892 41.1748405 -8.577595525005611 -8.577595525002806
41.17484049999784 41.17484049999892 -8.577595525002806 -8.577595525001403
41.17484049999784 41.17484049999892 -8.577595525001403 -8.577595525
41.17484049999892 41.17484049999946 -8.577595525002806 -8.577595525001403
41.17484049999946 41.1748405 -8.577595525002806 -8.577595525001403
41.17484049999892 41.17484049999946 -8.577595525001403 -8.577595525000701
41.17484049999892 41.17484049999946 -8.577595525000701 -8.577595525
41.17484049999946 41.17484049999973 -8.577595525001403 -8.577595525000701
41.17484049999973 41.1748405 -8.577595525001403 -8.577595525000701
41.17484049999946 41.17484049999973 -8.577595525000701 -8.577595525000351
41.17484049999946 41.17484049999973 -8.577595525000351 -8.577595525
41.17484049999973 41.17484049999987 -8.577595525000701 -8.577595525000351
41.17484049999987 41.1748405 -8.577595525000701 -8.577595525000351
41.17484049999973 41.17484049999987 -8.577595525000351 -8.577595525000175
41.17484049999973 41.17484049999987 -8.577595525000175 -8.577595525
41.17484049999987 41.17484049999993 -8.577595525000351 -8.577595525000175
41.17484049999993 41.1748405 -8.577595525000351 -8.577595525000175
41.17484049999987 41.17484049999993 -8.577595525000175 -8.577595525000088
41.17484049999987 41.17484049999993 -8.577595525000088 -8.577595525
41.17484049999993 41.174840499999966 -8.577595525000175 -8.577595525000088
41.174840499999966 41.1748405 -8.577595525000175 -8.577595525000088
41.17484049999993 41.174840499999966 -8.577595525000088 -8.577595525000044
41.17484049999993 41.174840499999966 -8.577595525000044 -8.577595525
41.174840499999966 41.17484049999999 -8.577595525000088 -8.577595525000044
41.17484049999999 41.1748405 -8.577595525000088 -8.577595525000044
41.174840499999966 41.17484049999999 -8.577595525000044 -8.57759552500002
41.174840499999966 41.17484049999999 -8.57759552500002 -8.577595525
41.17484049999999 41.174840499999995 -8.577595525000044 -8.57759552500002
41.174840499999995 41.1748405 -8.577595525000044 -8.57759552500002
41.17484049999999 41.174840499999995 -8.57759552500002 -8.57759552500001
41.17484049999999 41.174840499999995 -8.57759552500001 -8.577595525
41.174840499999995 41.1748405 -8.57759552500002 -8.57759552500001
41.174840499999995 41.1748405 -8.57759552500001 -8.577595525
41.13769125 41.1469785625 -8.577595525 -8.5534942625
41.1469785625 41.156265875 -8.577595525 -8.5534942625
41.13769125 41.156265875 -8.5534942625 -8.529393
41.156265875 41.1655531875 -8.577595525 -8.5534942625
41.1655531875 41.170196843750006 -8.577595525 -8.571570209375
41.1655531875 41.170196843750006 -8.571570209375 -8.56554489375
41.170196843750006 41.172518671875004 -8.577595525 -8.571570209375
41.172518671875004 41.1748405 -8.577595525 -8.571570209375
41.170196843750006 41.172518671875004 -8.571570209375 -8.568557551562499
41.170196843750006 41.172518671875004 -8.568557551562499 -8.56554489375
41.172518671875004 41.173679585937506 -8.571570209375 -8.568557551562499
41.173679585937506 41.1748405 -8.571570209375 -8.568557551562499
41.172518671875004 41.173679585937506 -8.568557551562499 -8.56554489375
41.173679585937506 41.1748405 -8.568557551562499 -8.56554489375
41.1655531875 41.170196843750006 -8.56554489375 -8.559519578124998
41.1655531875 41.170196843750006 -8.559519578124998 -8.5534942625
41.170196843750006 41.172518671875004 -8.56554489375 -8.559519578124998
41.172518671875004 41.1748405 -8.56554489375 -8.559519578124998
41.170196843750006 41.172518671875004 -8.559519578124998 -8.5534942625
41.172518671875004 41.1748405 -8.559519578124998 -8.5534942625
41.156265875 41.1655531875 -8.5534942625 -8.529393
41.1655531875 41.1748405 -8.5534942625 -8.529393
41.1748405 41.193415125 -8.7222031 -8.698101837500001
41.1748405 41.17948415625 -8.698101837500001 -8.686051206250001
41.17948415625 41.1841278125 -8.698101837500001 -8.686051206250001
41.1748405 41.17948415625 -8.686051206250001 -8.674000575
41.17948415625 41.1841278125 -8.686051206250001 -8.674000575
41.1841278125 41.188771468750005 -8.698101837500001 -8.686051206250001
41.188771468750005 41.193415125 -8.698101837500001 -8.686051206250001
41.1841278125 41.188771468750005 -8.686051206250001 -8.674000575
41.188771468750005 41.193415125 -8.686051206250001 -8.674000575
41.193415125 41.21198975 -8.7222031 -8.698101837500001
41.193415125 41.2027024375 -8.698101837500001 -8.686051206250001
41.193415125 41.2027024375 -8.686051206250001 -8.674000575
41.2027024375 41.21198975 -8.698101837500001 -8.674000575
41.1748405 41.17948415625 -8.674000575 -8.667975259375002
41.1748405 41.17948415625 -8.667975259375002 -8.66194994375
41.17948415625 41.181805984375 -8.674000575 -8.667975259375002
41.181805984375 41.1841278125 -8.674000575 -8.667975259375002
41.17948415625 41.181805984375 -8.667975259375002 -8.6649626015625
41.17948415625 41.181805984375 -8.6649626015625 -8.66194994375
41.181805984375 41.1841278125 -8.667975259375002 -8.6649626015625
41.181805984375 41.1841278125 -8.6649626015625 -8.66194994375
41.1748405 41.17948415625 -8.66194994375 -8.655924628125
41.1748405 41.17948415625 -8.655924628125 -8.6498993125
41.17948415625 41.181805984375 -8.66194994375 -8.655924628125
41.181805984375 41.1841278125 -8.66194994375 -8.655924628125
41.17948415625 41.181805984375 -8.655924628125 -8.6498993125
41.181805984375 41.1841278125 -8.655924628125 -8.6498993125
41.1841278125 41.188771468750005 -8.674000575 -8.667975259375002
41.1841278125 41.188771468750005 -8.667975259375002 -8.66194994375
41.188771468750005 41.193415125 -8.674000575 -8.667975259375002
41.188771468750005 41.193415125 -8.667975259375002 -8.66194994375
41.1841278125 41.193415125 -8.66194994375 -8.6498993125
41.1748405 41.17948415625 -8.6498993125 -8.63784868125
41.17948415625 41.1841278125 -8.6498993125 -8.63784868125
41.1748405 41.17948415625 -8.63784868125 -8.631823365625
41.1748405 41.17948415625 -8.631823365625 -8.62579805
41.17948415625 41.181805984375 -8.63784868125 -8.631823365625
41.181805984375 41.1841278125 -8.63784868125 -8.631823365625
41.17948415625 41.181805984375 -8.631823365625 -8.6288107078125
41.17948415625 41.181805984375 -8.6288107078125 -8.62579805
41.181805984375 41.1841278125 -8.631823365625 -8.6288107078125
41.181805984375 41.1841278125 -8.6288107078125 -8.62579805
41.1841278125 41.193415125 -8.6498993125 -8.63784868125
41.1841278125 41.188771468750005 -8.63784868125 -8.631823365625
41.1841278125 41.188771468750005 -8.631823365625 -8.62579805
41.188771468750005 41.193415125 -8.63784868125 -8.631823365625
41.188771468750005 41.193415125 -8.631823365625 -8.62579805
41.193415125 41.2027024375 -8.674000575 -8.66194994375
41.193415125 41.2027024375 -8.66194994375 -8.6498993125
41.2027024375 41.21198975 -8.674000575 -8.66194994375
41.2027024375 41.21198975 -8.66194994375 -8.6498993125
41.193415125 41.2027024375 -8.6498993125 -8.63784868125
41.193415125 41.2027024375 -8.63784868125 -8.62579805
41.2027024375 41.21198975 -8.6498993125 -8.63784868125
41.2027024375 41.21198975 -8.63784868125 -8.62579805
41.21198975 41.249139 -8.7222031 -8.674000575
41.21198975 41.2212770625 -8.674000575 -8.6498993125
41.2212770625 41.230564375 -8.674000575 -8.6498993125
41.21198975 41.2212770625 -8.6498993125 -8.62579805
41.2212770625 41.230564375 -8.6498993125 -8.62579805
41.230564375 41.249139 -8.674000575 -8.6498993125
41.230564375 41.249139 -8.6498993125 -8.62579805
41.1748405 41.17948415625 -8.62579805 -8.619772734375001
41.1748405 41.17948415625 -8.619772734375001 -8.61374741875
41.17948415625 41.181805984375 -8.62579805 -8.619772734375001
41.181805984375 41.1841278125 -8.62579805 -8.619772734375001
41.17948415625 41.181805984375 -8.619772734375001 -8.6167600765625
41.17948415625 41.181805984375 -8.6167600765625 -8.61374741875
41.181805984375 41.1841278125 -8.619772734375001 -8.6167600765625
41.181805984375 41.1841278125 -8.6167600765625 -8.61374741875
41.1748405 41.17948415625 -8.61374741875 -8.607722103124999
41.1748405 41.17948415625 -8.607722103124999 -8.6016967875
41.17948415625 41.181805984375 -8.61374741875 -8.607722103124999
41.181805984375 41.1841278125 -8.61374741875 -8.607722103124999
41.17948415625 41.181805984375 -8.607722103124999 -8.6016967875
41.181805984375 41.1841278125 -8.607722103124999 -8.6016967875
41.1841278125 41.188771468750005 -8.62579805 -8.619772734375001
41.1841278125 41.188771468750005 -8.619772734375001 -8.61374741875
41.188771468750005 41.193415125 -8.62579805 -8.619772734375001
41.188771468750005 41.193415125 -8.619772734375001 -8.61374741875
41.1841278125 41.188771468750005 -8.61374741875 -8.607722103124999
41.1841278125 41.188771468750005 -8.607722103124999 -8.6016967875
41.188771468750005 41.193415125 -8.61374741875 -8.607722103124999
41.188771468750005 41.193415125 -8.607722103124999 -8.6016967875
41.1748405 41.17948415625 -8.6016967875 -8.58964615625
41.17948415625 41.1841278125 -8.6016967875 -8.58964615625
41.1748405 41.17948415625 -8.58964615625 -8.583620840624999
41.1748405 41.17948415625 -8.583620840624999 -8.577595525
41.17948415625 41.181805984375 -8.58964615625 -8.583620840624999
41.181805984375 41.1841278125 -8.58964615625 -8.583620840624999
41.17948415625 41.181805984375 -8.583620840624999 -8.5806081828125
41.17948415625 41.181805984375 -8.5806081828125 -8.577595525
41.181805984375 41.1841278125 -8.583620840624999 -8.5806081828125
41.181805984375 41.1841278125 -8.5806081828125 -8.577595525
41.1841278125 41.188771468750005 -8.6016967875 -8.58964615625
41.188771468750005 41.193415125 -8.6016967875 -8.58964615625
41.1841278125 41.188771468750005 -8.58964615625 -8.577595525
41.188771468750005 41.193415125 -8.58964615625 -8.577595525
41.193415125 41.2027024375 -8.62579805 -8.61374741875
41.193415125 41.2027024375 -8.61374741875 -8.6016967875
41.2027024375 41.21198975 -8.62579805 -8.6016967875
41.193415125 41.21198975 -8.6016967875 -8.577595525
41.1748405 41.193415125 -8.577595525 -8.529393
41.193415125 41.21198975 -8.577595525 -8.529393
41.21198975 41.249139 -8.62579805 -8.577595525
41.21198975 41.249139 -8.577595525 -8.529393
