0 27 28 29 30 47 48 49 50 51 52 53 65 66 67 68 69 70 71 72 73 74 75 76 84 85 86 87 88 89 90 91 92 93 94 95 96 104 105 106 107 108 109 110 111 112 113 114 115 116 122 123 124 125 126 127 128 129 130 131 132 133 134 135 136 137 138 140 143 144 145 146 147 148 149 150 151 152 153 154 155 156 157 158 162 163 164 165 166 167 168 169 170 171 172 173 174 175 176 177 178 180 183 184 185 186 187 188 189 190 191 192 193 194 195 196 197 198 202 203 204 205 206 207 208 209 210 211 212 213 214 215 216 217 220 223 224 225 226 227 228 229 230 231 232 233 234 235 236 237 242 243 244 245 246 247 248 249 250 251 252 253 254 255 256 257 260 263 264 265 266 267 268 269 270 271 272 273 274 275 276 277 282 283 284 285 286 287 288 289 290 291 292 293 294 295 296 300 303 304 305 306 307 308 309 310 311 312 313 314 315 316 322 323 324 325 326 327 328 329 330 331 332 333 334 335 336 340 343 344 345 346 347 348 349 350 351 352 353 354 355 356 370 371 372 373 374 375 376 396
0 0
1 0
2 0
3 0
4 0
5 0
6 0
7 0
8 0
9 0
10 0
11 0
12 0
13 0
14 0
15 0
16 0
17 0
18 0
19 0
20 0
21 0
22 0
23 0
24 0
25 0
26 0
31 0
32 0
33 0
34 0
35 0
36 0
37 0
38 0
39 0
40 0
41 0
42 0
43 0
44 0
45 0
46 0
54 0
55 0
56 0
57 0
58 0
59 0
60 0
61 0
62 0
63 0
64 0
77 0
78 0
79 0
80 0
81 0
82 0
83 0
97 0
98 0
99 0
100 0
101 0
102 0
103 0
117 0
118 0
119 0
120 0
121 0
139 0
27 27
28 28
29 29
30 30
47 47
48 48
49 49
50 50
51 51
52 52
53 53
65 65
66 66
67 67
68 68
69 69
70 70
71 71
72 72
73 73
74 74
75 75
76 76
84 84
85 85
86 86
87 87
88 88
89 89
90 90
91 91
92 92
93 93
94 94
95 95
96 96
104 104
105 105
106 106
107 107
108 108
109 109
110 110
111 111
112 112
113 113
114 114
115 115
116 116
122 122
123 123
124 124
125 125
126 126
127 127
128 128
129 129
130 130
131 131
132 132
133 133
134 134
135 135
136 136
137 137
138 138
140 140
141 140
142 140
160 140
161 140
143 143
144 144
145 145
146 146
147 147
148 148
149 149
150 150
151 151
152 152
153 153
154 154
155 155
156 156
157 157
158 158
159 158
162 162
163 163
164 164
165 165
166 166
167 167
168 168
169 169
170 170
171 171
172 172
173 173
174 174
175 175
176 176
177 177
178 178
179 178
180 180
181 180
182 180
200 180
201 180
183 183
184 184
185 185
186 186
187 187
188 188
189 189
190 190
191 191
192 192
193 193
194 194
195 195
196 196
197 197
198 198
199 198
218 198
219 198
238 198
239 198
258 198
259 198
278 198
279 198
297 198
298 198
299 198
317 198
318 198
319 198
337 198
338 198
339 198
357 198
358 198
359 198
377 198
378 198
379 198
397 198
398 198
399 198
202 202
203 203
204 204
205 205
206 206
207 207
208 208
209 209
210 210
211 211
212 212
213 213
214 214
215 215
216 216
217 217
220 220
221 220
222 220
240 220
241 220
223 223
224 224
225 225
226 226
227 227
228 228
229 229
230 230
231 231
232 232
233 233
234 234
235 235
236 236
237 237
242 242
243 243
244 244
245 245
246 246
247 247
248 248
249 249
250 250
251 251
252 252
253 253
254 254
255 255
256 256
257 257
260 260
261 260
262 260
280 260
281 260
263 263
264 264
265 265
266 266
267 267
268 268
269 269
270 270
271 271
272 272
273 273
274 274
275 275
276 276
277 277
282 282
283 283
284 284
285 285
286 286
287 287
288 288
289 289
290 290
291 291
292 292
293 293
294 294
295 295
296 296
300 300
301 300
302 300
320 300
321 300
303 303
304 304
305 305
306 306
307 307
308 308
309 309
310 310
311 311
312 312
313 313
314 314
315 315
316 316
322 322
323 323
324 324
325 325
326 326
327 327
328 328
329 329
330 330
331 331
332 332
333 333
334 334
335 335
336 336
340 340
341 340
342 340
360 340
361 340
362 340
363 340
364 340
365 340
366 340
367 340
368 340
369 340
380 340
381 340
382 340
383 340
384 340
385 340
386 340
387 340
388 340
389 340
390 340
391 340
392 340
393 340
394 340
395 340
343 343
344 344
345 345
346 346
347 347
348 348
349 349
350 350
351 351
352 352
353 353
354 354
355 355
356 356
370 370
371 371
372 372
373 373
374 374
375 375
376 376
396 396
